Determining if the pthread_create exist failed with the following output:
Change Dir: /home/ajain23/ros_workspaces/lab5/build/CMakeFiles/CMakeTmp

Run Build Command:"/usr/bin/make" "cmTC_f3d06/fast"
/usr/bin/make -f CMakeFiles/cmTC_f3d06.dir/build.make CMakeFiles/cmTC_f3d06.dir/build
make[1]: Entering directory '/home/ajain23/ros_workspaces/lab5/build/CMakeFiles/CMakeTmp'
Building C object CMakeFiles/cmTC_f3d06.dir/CheckSymbolExists.c.o
/usr/bin/cc     -o CMakeFiles/cmTC_f3d06.dir/CheckSymbolExists.c.o   -c /home/ajain23/ros_workspaces/lab5/build/CMakeFiles/CMakeTmp/CheckSymbolExists.c
Linking C executable cmTC_f3d06
/usr/bin/cmake -E cmake_link_script CMakeFiles/cmTC_f3d06.dir/link.txt --verbose=1
/usr/bin/cc       CMakeFiles/cmTC_f3d06.dir/CheckSymbolExists.c.o  -o cmTC_f3d06 -rdynamic 
CMakeFiles/cmTC_f3d06.dir/CheckSymbolExists.c.o: In function `main':
CheckSymbolExists.c:(.text+0x16): undefined reference to `pthread_create'
collect2: error: ld returned 1 exit status
CMakeFiles/cmTC_f3d06.dir/build.make:97: recipe for target 'cmTC_f3d06' failed
make[1]: *** [cmTC_f3d06] Error 1
make[1]: Leaving directory '/home/ajain23/ros_workspaces/lab5/build/CMakeFiles/CMakeTmp'
Makefile:126: recipe for target 'cmTC_f3d06/fast' failed
make: *** [cmTC_f3d06/fast] Error 2

File /home/ajain23/ros_workspaces/lab5/build/CMakeFiles/CMakeTmp/CheckSymbolExists.c:
/* */
#include <pthread.h>

int main(int argc, char** argv)
{
  (void)argv;
#ifndef pthread_create
  return ((int*)(&pthread_create))[argc];
#else
  (void)argc;
  return 0;
#endif
}

Determining if the function pthread_create exists in the pthreads failed with the following output:
Change Dir: /home/ajain23/ros_workspaces/lab5/build/CMakeFiles/CMakeTmp

Run Build Command:"/usr/bin/make" "cmTC_edf6f/fast"
/usr/bin/make -f CMakeFiles/cmTC_edf6f.dir/build.make CMakeFiles/cmTC_edf6f.dir/build
make[1]: Entering directory '/home/ajain23/ros_workspaces/lab5/build/CMakeFiles/CMakeTmp'
Building C object CMakeFiles/cmTC_edf6f.dir/CheckFunctionExists.c.o
/usr/bin/cc    -DCHECK_FUNCTION_EXISTS=pthread_create   -o CMakeFiles/cmTC_edf6f.dir/CheckFunctionExists.c.o   -c /usr/share/cmake-3.5/Modules/CheckFunctionExists.c
Linking C executable cmTC_edf6f
/usr/bin/cmake -E cmake_link_script CMakeFiles/cmTC_edf6f.dir/link.txt --verbose=1
/usr/bin/cc   -DCHECK_FUNCTION_EXISTS=pthread_create    CMakeFiles/cmTC_edf6f.dir/CheckFunctionExists.c.o  -o cmTC_edf6f -rdynamic -lpthreads 
/usr/bin/ld: cannot find -lpthreads
collect2: error: ld returned 1 exit status
CMakeFiles/cmTC_edf6f.dir/build.make:97: recipe for target 'cmTC_edf6f' failed
make[1]: *** [cmTC_edf6f] Error 1
make[1]: Leaving directory '/home/ajain23/ros_workspaces/lab5/build/CMakeFiles/CMakeTmp'
Makefile:126: recipe for target 'cmTC_edf6f/fast' failed
make: *** [cmTC_edf6f/fast] Error 2


